<?xml version="1.0" encoding="UTF-8"?>
<testsuite xmlns:xsi="http://www.w3.org/2001/XMLSchema-instance" xsi:schemaLocation="https://maven.apache.org/surefire/maven-surefire-plugin/xsd/surefire-test-report.xsd" name="NormalAnimalTest" time="0.161" tests="7" errors="7" skipped="0" failures="0">
  <properties>
    <property name="java.runtime.name" value="OpenJDK Runtime Environment"/>
    <property name="sun.boot.library.path" value="/home/billyayiera/.sdkman/candidates/java/8.0.242.hs-adpt/jre/lib/amd64"/>
    <property name="java.vm.version" value="25.242-b08"/>
    <property name="java.vm.vendor" value="AdoptOpenJDK"/>
    <property name="maven.multiModuleProjectDirectory" value="/home/billyayiera/Desktop/Wildife"/>
    <property name="java.vendor.url" value="http://java.oracle.com/"/>
    <property name="path.separator" value=":"/>
    <property name="guice.disable.misplaced.annotation.check" value="true"/>
    <property name="java.vm.name" value="OpenJDK 64-Bit Server VM"/>
    <property name="file.encoding.pkg" value="sun.io"/>
    <property name="user.country" value="US"/>
    <property name="sun.java.launcher" value="SUN_STANDARD"/>
    <property name="sun.os.patch.level" value="unknown"/>
    <property name="java.vm.specification.name" value="Java Virtual Machine Specification"/>
    <property name="user.dir" value="/home/billyayiera/Desktop/Wildife"/>
    <property name="java.runtime.version" value="1.8.0_242-b08"/>
    <property name="java.awt.graphicsenv" value="sun.awt.X11GraphicsEnvironment"/>
    <property name="java.endorsed.dirs" value="/home/billyayiera/.sdkman/candidates/java/8.0.242.hs-adpt/jre/lib/endorsed"/>
    <property name="os.arch" value="amd64"/>
    <property name="java.io.tmpdir" value="/tmp"/>
    <property name="line.separator" value="&#10;"/>
    <property name="java.vm.specification.vendor" value="Oracle Corporation"/>
    <property name="os.name" value="Linux"/>
    <property name="classworlds.conf" value="/usr/share/maven/bin/m2.conf"/>
    <property name="sun.jnu.encoding" value="UTF-8"/>
    <property name="java.library.path" value="/usr/java/packages/lib/amd64:/usr/lib64:/lib64:/lib:/usr/lib"/>
    <property name="maven.conf" value="/usr/share/maven/conf"/>
    <property name="java.specification.name" value="Java Platform API Specification"/>
    <property name="java.class.version" value="52.0"/>
    <property name="sun.management.compiler" value="HotSpot 64-Bit Tiered Compilers"/>
    <property name="os.version" value="5.3.0-51-generic"/>
    <property name="library.jansi.path" value="/usr/share/maven/lib/jansi-native"/>
    <property name="user.home" value="/home/billyayiera"/>
    <property name="user.timezone" value="Africa/Nairobi"/>
    <property name="java.awt.printerjob" value="sun.print.PSPrinterJob"/>
    <property name="java.specification.version" value="1.8"/>
    <property name="file.encoding" value="UTF-8"/>
    <property name="user.name" value="billyayiera"/>
    <property name="java.class.path" value="/usr/share/maven/boot/plexus-classworlds-2.x.jar"/>
    <property name="java.vm.specification.version" value="1.8"/>
    <property name="sun.arch.data.model" value="64"/>
    <property name="java.home" value="/home/billyayiera/.sdkman/candidates/java/8.0.242.hs-adpt/jre"/>
    <property name="sun.java.command" value="org.codehaus.plexus.classworlds.launcher.Launcher heroku:deploy"/>
    <property name="java.specification.vendor" value="Oracle Corporation"/>
    <property name="user.language" value="en"/>
    <property name="awt.toolkit" value="sun.awt.X11.XToolkit"/>
    <property name="java.vm.info" value="mixed mode"/>
    <property name="java.version" value="1.8.0_242"/>
    <property name="java.ext.dirs" value="/home/billyayiera/.sdkman/candidates/java/8.0.242.hs-adpt/jre/lib/ext:/usr/java/packages/lib/ext"/>
    <property name="securerandom.source" value="file:/dev/./urandom"/>
    <property name="sun.boot.class.path" value="/home/billyayiera/.sdkman/candidates/java/8.0.242.hs-adpt/jre/lib/resources.jar:/home/billyayiera/.sdkman/candidates/java/8.0.242.hs-adpt/jre/lib/rt.jar:/home/billyayiera/.sdkman/candidates/java/8.0.242.hs-adpt/jre/lib/sunrsasign.jar:/home/billyayiera/.sdkman/candidates/java/8.0.242.hs-adpt/jre/lib/jsse.jar:/home/billyayiera/.sdkman/candidates/java/8.0.242.hs-adpt/jre/lib/jce.jar:/home/billyayiera/.sdkman/candidates/java/8.0.242.hs-adpt/jre/lib/charsets.jar:/home/billyayiera/.sdkman/candidates/java/8.0.242.hs-adpt/jre/lib/jfr.jar:/home/billyayiera/.sdkman/candidates/java/8.0.242.hs-adpt/jre/classes"/>
    <property name="java.vendor" value="AdoptOpenJDK"/>
    <property name="maven.home" value="/usr/share/maven"/>
    <property name="file.separator" value="/"/>
    <property name="java.vendor.url.bug" value="http://bugreport.sun.com/bugreport/"/>
    <property name="sun.cpu.endian" value="little"/>
    <property name="sun.io.unicode.encoding" value="UnicodeLittle"/>
    <property name="sun.cpu.isalist" value=""/>
  </properties>
  <testcase name="save_savesNormalAnimalInstanceToDB_NormalAnimal" classname="NormalAnimalTest" time="0">
    <error message="Could not acquire a connection from DataSource - FATAL: password authentication failed for user &quot;billyayiera&quot;" type="org.sql2o.Sql2oException">org.sql2o.Sql2oException: Could not acquire a connection from DataSource - FATAL: password authentication failed for user "billyayiera"
Caused by: org.postgresql.util.PSQLException: FATAL: password authentication failed for user "billyayiera"
</error>
  </testcase>
  <testcase name="all_returnsAllInstancesOfNormalAnimal_true" classname="NormalAnimalTest" time="0.044">
    <error message="Could not acquire a connection from DataSource - FATAL: password authentication failed for user &quot;billyayiera&quot;" type="org.sql2o.Sql2oException">org.sql2o.Sql2oException: Could not acquire a connection from DataSource - FATAL: password authentication failed for user "billyayiera"
Caused by: org.postgresql.util.PSQLException: FATAL: password authentication failed for user "billyayiera"
</error>
  </testcase>
  <testcase name="getSighting_retrievesAllSightingFromDB_monsterList" classname="NormalAnimalTest" time="0.035">
    <error message="Could not acquire a connection from DataSource - FATAL: password authentication failed for user &quot;billyayiera&quot;" type="org.sql2o.Sql2oException">org.sql2o.Sql2oException: Could not acquire a connection from DataSource - FATAL: password authentication failed for user "billyayiera"
Caused by: org.postgresql.util.PSQLException: FATAL: password authentication failed for user "billyayiera"
</error>
  </testcase>
  <testcase name="NormalAnimal_instanceOfNormalAnimal_true" classname="NormalAnimalTest" time="0.018">
    <error message="Could not acquire a connection from DataSource - FATAL: password authentication failed for user &quot;billyayiera&quot;" type="org.sql2o.Sql2oException">org.sql2o.Sql2oException: Could not acquire a connection from DataSource - FATAL: password authentication failed for user "billyayiera"
Caused by: org.postgresql.util.PSQLException: FATAL: password authentication failed for user "billyayiera"
</error>
  </testcase>
  <testcase name="getName_returnNameOfNormalAnimal_cat" classname="NormalAnimalTest" time="0.017">
    <error message="Could not acquire a connection from DataSource - FATAL: password authentication failed for user &quot;billyayiera&quot;" type="org.sql2o.Sql2oException">org.sql2o.Sql2oException: Could not acquire a connection from DataSource - FATAL: password authentication failed for user "billyayiera"
Caused by: org.postgresql.util.PSQLException: FATAL: password authentication failed for user "billyayiera"
</error>
  </testcase>
  <testcase name="equals_returnsTrueIfNamesAreTheSame_true" classname="NormalAnimalTest" time="0.017">
    <error message="Could not acquire a connection from DataSource - FATAL: password authentication failed for user &quot;billyayiera&quot;" type="org.sql2o.Sql2oException">org.sql2o.Sql2oException: Could not acquire a connection from DataSource - FATAL: password authentication failed for user "billyayiera"
Caused by: org.postgresql.util.PSQLException: FATAL: password authentication failed for user "billyayiera"
</error>
  </testcase>
  <testcase name="id_assignIdToSpecificInstance" classname="NormalAnimalTest" time="0.027">
    <error message="Could not acquire a connection from DataSource - FATAL: password authentication failed for user &quot;billyayiera&quot;" type="org.sql2o.Sql2oException">org.sql2o.Sql2oException: Could not acquire a connection from DataSource - FATAL: password authentication failed for user "billyayiera"
Caused by: org.postgresql.util.PSQLException: FATAL: password authentication failed for user "billyayiera"
</error>
  </testcase>
</testsuite>